<?xml version="1.0" encoding="UTF-8"?>
<!-- Generated by org.testng.reporters.JUnitReportReporter -->
<testsuite hostname="Sunil-S" failures="0" tests="1" name="org.selenium.pom.tests.LoginTest" time="36.062" errors="0" timestamp="2024-08-07T16:32:36 IST" skipped="0">
  <testcase classname="org.selenium.pom.tests.LoginTest" name="loginDuringCheckout" time="36.062"/>
</testsuite> <!-- org.selenium.pom.tests.LoginTest -->
